Test HyperSeries/Library/Bee/Android/Prj/IL2CPP/Gradle/launcher/build/intermediates/manifest_merge_blame_file/release/manifest-merger-blame-release-report.txt
1<?xml version="1.0" encoding="utf-8"?>
2<manifest xmlns:android="http://schemas.android.com/apk/res/android"
3    package="com.DefaultCompany.TestHyperSeries"
4    android:installLocation="preferExternal"
5    android:versionCode="1"
6    android:versionName="0.1" >
7
8    <uses-sdk
9        android:minSdkVersion="22"
9-->src\main\AndroidManifest.xml
10        android:targetSdkVersion="34" />
10-->src\main\AndroidManifest.xml
11
12    <supports-screens
12-->src\main\AndroidManifest.xml:3:3-163
13        android:anyDensity="true"
13-->src\main\AndroidManifest.xml:3:135-160
14        android:largeScreens="true"
14-->src\main\AndroidManifest.xml:3:78-105
15        android:normalScreens="true"
15-->src\main\AndroidManifest.xml:3:49-77
16        android:smallScreens="true"
16-->src\main\AndroidManifest.xml:3:21-48
17        android:xlargeScreens="true" />
17-->src\main\AndroidManifest.xml:3:106-134
18
19    <uses-feature android:glEsVersion="0x00030000" />
19-->[:unityLibrary] AndroidManifest.xml:12:5-54
19-->[:unityLibrary] AndroidManifest.xml:12:19-51
20    <uses-feature
20-->[:unityLibrary] AndroidManifest.xml:13:5-15:36
21        android:name="android.hardware.vulkan.version"
21-->[:unityLibrary] AndroidManifest.xml:14:9-55
22        android:required="false" />
22-->[:unityLibrary] AndroidManifest.xml:15:9-33
23    <uses-feature
23-->[:unityLibrary] AndroidManifest.xml:16:5-18:36
24        android:name="android.hardware.touchscreen"
24-->[:unityLibrary] AndroidManifest.xml:17:9-52
25        android:required="false" />
25-->[:unityLibrary] AndroidManifest.xml:18:9-33
26
27    <application
27-->src\main\AndroidManifest.xml:4:3-83
28        android:extractNativeLibs="true"
28-->[:unityLibrary] AndroidManifest.xml:20:18-50
29        android:icon="@mipmap/app_icon"
29-->src\main\AndroidManifest.xml:4:49-80
30        android:label="@string/app_name" >
30-->src\main\AndroidManifest.xml:4:16-48
31        <activity
31-->[:unityLibrary] AndroidManifest.xml:21:9-42:20
32            android:name="com.unity3d.player.UnityPlayerActivity"
32-->[:unityLibrary] AndroidManifest.xml:22:13-66
33            android:configChanges="mcc|mnc|locale|touchscreen|keyboard|keyboardHidden|navigation|orientation|screenLayout|uiMode|screenSize|smallestScreenSize|fontScale|layoutDirection|density"
33-->[:unityLibrary] AndroidManifest.xml:23:13-194
34            android:exported="true"
34-->[:unityLibrary] AndroidManifest.xml:24:13-36
35            android:hardwareAccelerated="false"
35-->[:unityLibrary] AndroidManifest.xml:25:13-48
36            android:launchMode="singleTask"
36-->[:unityLibrary] AndroidManifest.xml:26:13-44
37            android:resizeableActivity="false"
37-->[:unityLibrary] AndroidManifest.xml:27:13-47
38            android:screenOrientation="fullUser"
38-->[:unityLibrary] AndroidManifest.xml:28:13-49
39            android:theme="@style/UnityThemeSelector" >
39-->[:unityLibrary] AndroidManifest.xml:29:13-54
40            <intent-filter>
40-->[:unityLibrary] AndroidManifest.xml:30:13-34:29
41                <action android:name="android.intent.action.MAIN" />
41-->[:unityLibrary] AndroidManifest.xml:31:17-69
41-->[:unityLibrary] AndroidManifest.xml:31:25-66
42
43                <category android:name="android.intent.category.LAUNCHER" />
43-->[:unityLibrary] AndroidManifest.xml:33:17-77
43-->[:unityLibrary] AndroidManifest.xml:33:27-74
44            </intent-filter>
45
46            <meta-data
46-->[:unityLibrary] AndroidManifest.xml:36:13-38:40
47                android:name="unityplayer.UnityActivity"
47-->[:unityLibrary] AndroidManifest.xml:37:17-57
48                android:value="true" />
48-->[:unityLibrary] AndroidManifest.xml:38:17-37
49            <meta-data
49-->[:unityLibrary] AndroidManifest.xml:39:13-41:40
50                android:name="android.notch_support"
50-->[:unityLibrary] AndroidManifest.xml:40:17-53
51                android:value="true" />
51-->[:unityLibrary] AndroidManifest.xml:41:17-37
52        </activity>
53
54        <meta-data
54-->[:unityLibrary] AndroidManifest.xml:44:9-46:33
55            android:name="unity.splash-mode"
55-->[:unityLibrary] AndroidManifest.xml:45:13-45
56            android:value="0" />
56-->[:unityLibrary] AndroidManifest.xml:46:13-30
57        <meta-data
57-->[:unityLibrary] AndroidManifest.xml:47:9-49:36
58            android:name="unity.splash-enable"
58-->[:unityLibrary] AndroidManifest.xml:48:13-47
59            android:value="True" />
59-->[:unityLibrary] AndroidManifest.xml:49:13-33
60        <meta-data
60-->[:unityLibrary] AndroidManifest.xml:50:9-52:36
61            android:name="unity.launch-fullscreen"
61-->[:unityLibrary] AndroidManifest.xml:51:13-51
62            android:value="True" />
62-->[:unityLibrary] AndroidManifest.xml:52:13-33
63        <meta-data
63-->[:unityLibrary] AndroidManifest.xml:53:9-55:37
64            android:name="unity.allow-resizable-window"
64-->[:unityLibrary] AndroidManifest.xml:54:13-56
65            android:value="False" />
65-->[:unityLibrary] AndroidManifest.xml:55:13-34
66        <meta-data
66-->[:unityLibrary] AndroidManifest.xml:56:9-58:50
67            android:name="notch.config"
67-->[:unityLibrary] AndroidManifest.xml:57:13-40
68            android:value="portrait|landscape" />
68-->[:unityLibrary] AndroidManifest.xml:58:13-47
69    </application>
70
71</manifest>